# JRE version: OpenJDK Runtime Environment (8.0_212-b04) (build 1.8.0_212-release-1586-b04)
# Java VM: OpenJDK 64-Bit Server VM (25.212-b04 mixed mode windows-amd64 compressed oops)
Heap:
 PSYoungGen      total 52224K, used 36548K [0x00000000e0000000, 0x00000000e4380000, 0x0000000100000000)
  eden space 39424K, 60% used [0x00000000e0000000,0x00000000e1736670,0x00000000e2680000)
  from space 12800K, 99% used [0x00000000e2700000,0x00000000e337a9b8,0x00000000e3380000)
  to   space 14848K, 0% used [0x00000000e3500000,0x00000000e3500000,0x00000000e4380000)
 ParOldGen       total 68096K, used 19110K [0x00000000a0000000, 0x00000000a4280000, 0x00000000e0000000)
  object space 68096K, 28% used [0x00000000a0000000,0x00000000a12a9b70,0x00000000a4280000)
 Metaspace       used 52717K, capacity 54100K, committed 54400K, reserved 1095680K
  class space    used 6892K, capacity 7242K, committed 7296K, reserved 1048576K
GC Heap History (10 events):
Event: 93.234 GC heap before
{Heap before GC invocations=13 (full 2):
 PSYoungGen      total 54272K, used 43520K [0x00000000e0000000, 0x00000000e4180000, 0x0000000100000000)
  eden space 43520K, 100% used [0x00000000e0000000,0x00000000e2a80000,0x00000000e2a80000)
  from space 10752K, 0% used [0x00000000e3600000,0x00000000e3600000,0x00000000e4080000)
  to   space 11776K, 0% used [0x00000000e2a80000,0x00000000e2a80000,0x00000000e3600000)
 ParOldGen       total 68096K, used 17237K [0x00000000a0000000, 0x00000000a4280000, 0x00000000e0000000)
  object space 68096K, 25% used [0x00000000a0000000,0x00000000a10d5528,0x00000000a4280000)
 Metaspace       used 37013K, capacity 37714K, committed 38016K, reserved 1081344K
  class space    used 4916K, capacity 5144K, committed 5248K, reserved 1048576K
Event: 93.243 GC heap after
Heap after GC invocations=13 (full 2):
 PSYoungGen      total 47616K, used 4893K [0x00000000e0000000, 0x00000000e3f80000, 0x0000000100000000)
  eden space 42496K, 0% used [0x00000000e0000000,0x00000000e0000000,0x00000000e2980000)
  from space 5120K, 95% used [0x00000000e2a80000,0x00000000e2f47528,0x00000000e2f80000)
  to   space 11264K, 0% used [0x00000000e3480000,0x00000000e3480000,0x00000000e3f80000)
 ParOldGen       total 68096K, used 17237K [0x00000000a0000000, 0x00000000a4280000, 0x00000000e0000000)
  object space 68096K, 25% used [0x00000000a0000000,0x00000000a10d5528,0x00000000a4280000)
 Metaspace       used 37013K, capacity 37714K, committed 38016K, reserved 1081344K
  class space    used 4916K, capacity 5144K, committed 5248K, reserved 1048576K
}
Event: 101.183 GC heap before
{Heap before GC invocations=14 (full 2):
 PSYoungGen      total 47616K, used 47389K [0x00000000e0000000, 0x00000000e3f80000, 0x0000000100000000)
  eden space 42496K, 100% used [0x00000000e0000000,0x00000000e2980000,0x00000000e2980000)
  from space 5120K, 95% used [0x00000000e2a80000,0x00000000e2f47528,0x00000000e2f80000)
  to   space 11264K, 0% used [0x00000000e3480000,0x00000000e3480000,0x00000000e3f80000)
 ParOldGen       total 68096K, used 17237K [0x00000000a0000000, 0x00000000a4280000, 0x00000000e0000000)
  object space 68096K, 25% used [0x00000000a0000000,0x00000000a10d5528,0x00000000a4280000)
 Metaspace       used 38586K, capacity 39470K, committed 39808K, reserved 1083392K
  class space    used 5173K, capacity 5394K, committed 5504K, reserved 1048576K
Event: 101.192 GC heap after
Heap after GC invocations=14 (full 2):
 PSYoungGen      total 52736K, used 6125K [0x00000000e0000000, 0x00000000e3f00000, 0x0000000100000000)
  eden space 41984K, 0% used [0x00000000e0000000,0x00000000e0000000,0x00000000e2900000)
  from space 10752K, 56% used [0x00000000e3480000,0x00000000e3a7b698,0x00000000e3f00000)
  to   space 11264K, 0% used [0x00000000e2900000,0x00000000e2900000,0x00000000e3400000)
 ParOldGen       total 68096K, used 17237K [0x00000000a0000000, 0x00000000a4280000, 0x00000000e0000000)
  object space 68096K, 25% used [0x00000000a0000000,0x00000000a10d5528,0x00000000a4280000)
 Metaspace       used 38586K, capacity 39470K, committed 39808K, reserved 1083392K
  class space    used 5173K, capacity 5394K, committed 5504K, reserved 1048576K
}
Event: 121.674 GC heap before
{Heap before GC invocations=15 (full 2):
 PSYoungGen      total 52736K, used 48109K [0x00000000e0000000, 0x00000000e3f00000, 0x0000000100000000)
  eden space 41984K, 100% used [0x00000000e0000000,0x00000000e2900000,0x00000000e2900000)
  from space 10752K, 56% used [0x00000000e3480000,0x00000000e3a7b698,0x00000000e3f00000)
  to   space 11264K, 0% used [0x00000000e2900000,0x00000000e2900000,0x00000000e3400000)
 ParOldGen       total 68096K, used 17237K [0x00000000a0000000, 0x00000000a4280000, 0x00000000e0000000)
  object space 68096K, 25% used [0x00000000a0000000,0x00000000a10d5528,0x00000000a4280000)
 Metaspace       used 42407K, capacity 43634K, committed 43904K, reserved 1087488K
  class space    used 5675K, capacity 5980K, committed 6016K, reserved 1048576K
Event: 121.688 GC heap after
Heap after GC invocations=15 (full 2):
 PSYoungGen      total 50176K, used 8635K [0x00000000e0000000, 0x00000000e3e80000, 0x0000000100000000)
  eden space 41472K, 0% used [0x00000000e0000000,0x00000000e0000000,0x00000000e2880000)
  from space 8704K, 99% used [0x00000000e2900000,0x00000000e316ec00,0x00000000e3180000)
  to   space 11264K, 0% used [0x00000000e3380000,0x00000000e3380000,0x00000000e3e80000)
 ParOldGen       total 68096K, used 17245K [0x00000000a0000000, 0x00000000a4280000, 0x00000000e0000000)
  object space 68096K, 25% used [0x00000000a0000000,0x00000000a10d7528,0x00000000a4280000)
 Metaspace       used 42407K, capacity 43634K, committed 43904K, reserved 1087488K
  class space    used 5675K, capacity 5980K, committed 6016K, reserved 1048576K
}
Event: 135.883 GC heap before
{Heap before GC invocations=16 (full 2):
 PSYoungGen      total 50176K, used 49852K [0x00000000e0000000, 0x00000000e3e80000, 0x0000000100000000)
  eden space 41472K, 99% used [0x00000000e0000000,0x00000000e2840738,0x00000000e2880000)
  from space 8704K, 99% used [0x00000000e2900000,0x00000000e316ec00,0x00000000e3180000)
  to   space 11264K, 0% used [0x00000000e3380000,0x00000000e3380000,0x00000000e3e80000)
 ParOldGen       total 68096K, used 17245K [0x00000000a0000000, 0x00000000a4280000, 0x00000000e0000000)
  object space 68096K, 25% used [0x00000000a0000000,0x00000000a10d7528,0x00000000a4280000)
 Metaspace       used 47339K, capacity 48634K, committed 48896K, reserved 1091584K
  class space    used 6256K, capacity 6568K, committed 6656K, reserved 1048576K
Event: 135.946 GC heap after
Heap after GC invocations=16 (full 2):
 PSYoungGen      total 51200K, used 11242K [0x00000000e0000000, 0x00000000e4100000, 0x0000000100000000)
  eden space 39936K, 0% used [0x00000000e0000000,0x00000000e0000000,0x00000000e2700000)
  from space 11264K, 99% used [0x00000000e3380000,0x00000000e3e7a998,0x00000000e3e80000)
  to   space 12800K, 0% used [0x00000000e2700000,0x00000000e2700000,0x00000000e3380000)
 ParOldGen       total 68096K, used 17711K [0x00000000a0000000, 0x00000000a4280000, 0x00000000e0000000)
  object space 68096K, 26% used [0x00000000a0000000,0x00000000a114bd78,0x00000000a4280000)
 Metaspace       used 47339K, capacity 48634K, committed 48896K, reserved 1091584K
  class space    used 6256K, capacity 6568K, committed 6656K, reserved 1048576K
}
Event: 140.919 GC heap before
{Heap before GC invocations=17 (full 2):
 PSYoungGen      total 51200K, used 51178K [0x00000000e0000000, 0x00000000e4100000, 0x0000000100000000)
  eden space 39936K, 100% used [0x00000000e0000000,0x00000000e2700000,0x00000000e2700000)
  from space 11264K, 99% used [0x00000000e3380000,0x00000000e3e7a998,0x00000000e3e80000)
  to   space 12800K, 0% used [0x00000000e2700000,0x00000000e2700000,0x00000000e3380000)
 ParOldGen       total 68096K, used 17711K [0x00000000a0000000, 0x00000000a4280000, 0x00000000e0000000)
  object space 68096K, 26% used [0x00000000a0000000,0x00000000a114bd78,0x00000000a4280000)
 Metaspace       used 49601K, capacity 50948K, committed 51200K, reserved 1093632K
  class space    used 6529K, capacity 6863K, committed 6912K, reserved 1048576K
Event: 140.937 GC heap after
Heap after GC invocations=17 (full 2):
 PSYoungGen      total 52224K, used 12778K [0x00000000e0000000, 0x00000000e4380000, 0x0000000100000000)
  eden space 39424K, 0% used [0x00000000e0000000,0x00000000e0000000,0x00000000e2680000)
  from space 12800K, 99% used [0x00000000e2700000,0x00000000e337a9b8,0x00000000e3380000)
  to   space 14848K, 0% used [0x00000000e3500000,0x00000000e3500000,0x00000000e4380000)
 ParOldGen       total 68096K, used 19110K [0x00000000a0000000, 0x00000000a4280000, 0x00000000e0000000)
  object space 68096K, 28% used [0x00000000a0000000,0x00000000a12a9b70,0x00000000a4280000)
 Metaspace       used 49601K, capacity 50948K, committed 51200K, reserved 1093632K
  class space    used 6529K, capacity 6863K, committed 6912K, reserved 1048576K
}

